<?xml version="1.0" encoding="UTF-8"?>
<!-- Generated by org.testng.reporters.JUnitReportReporter -->
<testsuite hostname="DESKTOP-QVM6J4J" failures="0" tests="2" name="com.Test.LoginTest" time="10.086" errors="0" timestamp="2022-03-05T13:02:17 IST" skipped="0">
  <testcase classname="com.Test.LoginTest" name="verifylogin" time="5.346"/>
  <system-out/>
  <testcase classname="com.Test.LoginTest" name="verifylogin" time="4.740"/>
  <system-out/>
</testsuite> <!-- com.Test.LoginTest -->
